<?xml version="1.0" encoding="UTF-8"?>
<testsuite xmlns:xsi="http://www.w3.org/2001/XMLSchema-instance" xsi:noNamespaceSchemaLocation="https://maven.apache.org/surefire/maven-surefire-plugin/xsd/surefire-test-report-3.0.xsd" version="3.0" name="TestSuite" time="39.395" tests="10" errors="0" skipped="0" failures="0">
  <properties>
    <property name="sun.desktop" value="windows"/>
    <property name="awt.toolkit" value="sun.awt.windows.WToolkit"/>
    <property name="file.encoding.pkg" value="sun.io"/>
    <property name="java.specification.version" value="1.8"/>
    <property name="sun.cpu.isalist" value="amd64"/>
    <property name="sun.jnu.encoding" value="Cp1252"/>
    <property name="java.class.path" value="C:\Users\vishwa.vijetha\Desktop\Eclipse Workspace\NaveenALCodingChallenge2\target\test-classes;C:\Users\vishwa.vijetha\Desktop\Eclipse Workspace\NaveenALCodingChallenge2\target\classes;C:\Users\vishwa.vijetha\.m2\repository\commons-io\commons-io\2.6\commons-io-2.6.jar;C:\Users\vishwa.vijetha\.m2\repository\org\seleniumhq\selenium\selenium-java\3.14.0\selenium-java-3.14.0.jar;C:\Users\vishwa.vijetha\.m2\repository\org\seleniumhq\selenium\selenium-api\3.14.0\selenium-api-3.14.0.jar;C:\Users\vishwa.vijetha\.m2\repository\org\seleniumhq\selenium\selenium-chrome-driver\3.14.0\selenium-chrome-driver-3.14.0.jar;C:\Users\vishwa.vijetha\.m2\repository\org\seleniumhq\selenium\selenium-edge-driver\3.14.0\selenium-edge-driver-3.14.0.jar;C:\Users\vishwa.vijetha\.m2\repository\org\seleniumhq\selenium\selenium-firefox-driver\3.14.0\selenium-firefox-driver-3.14.0.jar;C:\Users\vishwa.vijetha\.m2\repository\org\seleniumhq\selenium\selenium-ie-driver\3.14.0\selenium-ie-driver-3.14.0.jar;C:\Users\vishwa.vijetha\.m2\repository\org\seleniumhq\selenium\selenium-opera-driver\3.14.0\selenium-opera-driver-3.14.0.jar;C:\Users\vishwa.vijetha\.m2\repository\org\seleniumhq\selenium\selenium-remote-driver\3.14.0\selenium-remote-driver-3.14.0.jar;C:\Users\vishwa.vijetha\.m2\repository\org\seleniumhq\selenium\selenium-safari-driver\3.14.0\selenium-safari-driver-3.14.0.jar;C:\Users\vishwa.vijetha\.m2\repository\org\seleniumhq\selenium\selenium-support\3.14.0\selenium-support-3.14.0.jar;C:\Users\vishwa.vijetha\.m2\repository\net\bytebuddy\byte-buddy\1.8.15\byte-buddy-1.8.15.jar;C:\Users\vishwa.vijetha\.m2\repository\org\apache\commons\commons-exec\1.3\commons-exec-1.3.jar;C:\Users\vishwa.vijetha\.m2\repository\commons-codec\commons-codec\1.10\commons-codec-1.10.jar;C:\Users\vishwa.vijetha\.m2\repository\commons-logging\commons-logging\1.2\commons-logging-1.2.jar;C:\Users\vishwa.vijetha\.m2\repository\com\google\guava\guava\25.0-jre\guava-25.0-jre.jar;C:\Users\vishwa.vijetha\.m2\repository\com\google\code\findbugs\jsr305\1.3.9\jsr305-1.3.9.jar;C:\Users\vishwa.vijetha\.m2\repository\org\checkerframework\checker-compat-qual\2.0.0\checker-compat-qual-2.0.0.jar;C:\Users\vishwa.vijetha\.m2\repository\com\google\errorprone\error_prone_annotations\2.1.3\error_prone_annotations-2.1.3.jar;C:\Users\vishwa.vijetha\.m2\repository\com\google\j2objc\j2objc-annotations\1.1\j2objc-annotations-1.1.jar;C:\Users\vishwa.vijetha\.m2\repository\org\codehaus\mojo\animal-sniffer-annotations\1.14\animal-sniffer-annotations-1.14.jar;C:\Users\vishwa.vijetha\.m2\repository\org\apache\httpcomponents\httpclient\4.5.5\httpclient-4.5.5.jar;C:\Users\vishwa.vijetha\.m2\repository\org\apache\httpcomponents\httpcore\4.4.9\httpcore-4.4.9.jar;C:\Users\vishwa.vijetha\.m2\repository\com\squareup\okhttp3\okhttp\3.10.0\okhttp-3.10.0.jar;C:\Users\vishwa.vijetha\.m2\repository\com\squareup\okio\okio\1.14.1\okio-1.14.1.jar;C:\Users\vishwa.vijetha\.m2\repository\org\testng\testng\6.14.3\testng-6.14.3.jar;C:\Users\vishwa.vijetha\.m2\repository\com\beust\jcommander\1.72\jcommander-1.72.jar;C:\Users\vishwa.vijetha\.m2\repository\org\apache-extras\beanshell\bsh\2.0b6\bsh-2.0b6.jar;C:\Users\vishwa.vijetha\.m2\repository\log4j\log4j\1.2.17\log4j-1.2.17.jar;C:\Users\vishwa.vijetha\.m2\repository\com\aventstack\extentreports\4.0.9\extentreports-4.0.9.jar;C:\Users\vishwa.vijetha\.m2\repository\org\freemarker\freemarker\2.3.23\freemarker-2.3.23.jar;C:\Users\vishwa.vijetha\.m2\repository\org\mongodb\mongodb-driver\3.3.0\mongodb-driver-3.3.0.jar;C:\Users\vishwa.vijetha\.m2\repository\org\mongodb\mongodb-driver-core\3.3.0\mongodb-driver-core-3.3.0.jar;C:\Users\vishwa.vijetha\.m2\repository\org\mongodb\bson\3.3.0\bson-3.3.0.jar;C:\Users\vishwa.vijetha\.m2\repository\org\apache\httpcomponents\httpmime\4.5.2\httpmime-4.5.2.jar;C:\Users\vishwa.vijetha\.m2\repository\com\google\code\gson\gson\2.8.5\gson-2.8.5.jar;"/>
    <property name="java.vm.vendor" value="Oracle Corporation"/>
    <property name="sun.arch.data.model" value="64"/>
    <property name="user.variant" value=""/>
    <property name="java.vendor.url" value="http://java.oracle.com/"/>
    <property name="user.timezone" value="Asia/Calcutta"/>
    <property name="java.vm.specification.version" value="1.8"/>
    <property name="os.name" value="Windows 10"/>
    <property name="user.country" value="IN"/>
    <property name="sun.java.launcher" value="SUN_STANDARD"/>
    <property name="sun.boot.library.path" value="C:\Program Files\Java\jdk1.8.0_201\jre\bin"/>
    <property name="sun.java.command" value="C:\Users\vishwa.vijetha\AppData\Local\Temp\surefire1870387941435310896\surefirebooter4475220710031482825.jar C:\Users\vishwa.vijetha\AppData\Local\Temp\surefire1870387941435310896 2019-04-28T17-56-42_904-jvmRun1 surefire9187229493170745922tmp surefire_01148143079256758734tmp"/>
    <property name="surefire.test.class.path" value="C:\Users\vishwa.vijetha\Desktop\Eclipse Workspace\NaveenALCodingChallenge2\target\test-classes;C:\Users\vishwa.vijetha\Desktop\Eclipse Workspace\NaveenALCodingChallenge2\target\classes;C:\Users\vishwa.vijetha\.m2\repository\commons-io\commons-io\2.6\commons-io-2.6.jar;C:\Users\vishwa.vijetha\.m2\repository\org\seleniumhq\selenium\selenium-java\3.14.0\selenium-java-3.14.0.jar;C:\Users\vishwa.vijetha\.m2\repository\org\seleniumhq\selenium\selenium-api\3.14.0\selenium-api-3.14.0.jar;C:\Users\vishwa.vijetha\.m2\repository\org\seleniumhq\selenium\selenium-chrome-driver\3.14.0\selenium-chrome-driver-3.14.0.jar;C:\Users\vishwa.vijetha\.m2\repository\org\seleniumhq\selenium\selenium-edge-driver\3.14.0\selenium-edge-driver-3.14.0.jar;C:\Users\vishwa.vijetha\.m2\repository\org\seleniumhq\selenium\selenium-firefox-driver\3.14.0\selenium-firefox-driver-3.14.0.jar;C:\Users\vishwa.vijetha\.m2\repository\org\seleniumhq\selenium\selenium-ie-driver\3.14.0\selenium-ie-driver-3.14.0.jar;C:\Users\vishwa.vijetha\.m2\repository\org\seleniumhq\selenium\selenium-opera-driver\3.14.0\selenium-opera-driver-3.14.0.jar;C:\Users\vishwa.vijetha\.m2\repository\org\seleniumhq\selenium\selenium-remote-driver\3.14.0\selenium-remote-driver-3.14.0.jar;C:\Users\vishwa.vijetha\.m2\repository\org\seleniumhq\selenium\selenium-safari-driver\3.14.0\selenium-safari-driver-3.14.0.jar;C:\Users\vishwa.vijetha\.m2\repository\org\seleniumhq\selenium\selenium-support\3.14.0\selenium-support-3.14.0.jar;C:\Users\vishwa.vijetha\.m2\repository\net\bytebuddy\byte-buddy\1.8.15\byte-buddy-1.8.15.jar;C:\Users\vishwa.vijetha\.m2\repository\org\apache\commons\commons-exec\1.3\commons-exec-1.3.jar;C:\Users\vishwa.vijetha\.m2\repository\commons-codec\commons-codec\1.10\commons-codec-1.10.jar;C:\Users\vishwa.vijetha\.m2\repository\commons-logging\commons-logging\1.2\commons-logging-1.2.jar;C:\Users\vishwa.vijetha\.m2\repository\com\google\guava\guava\25.0-jre\guava-25.0-jre.jar;C:\Users\vishwa.vijetha\.m2\repository\com\google\code\findbugs\jsr305\1.3.9\jsr305-1.3.9.jar;C:\Users\vishwa.vijetha\.m2\repository\org\checkerframework\checker-compat-qual\2.0.0\checker-compat-qual-2.0.0.jar;C:\Users\vishwa.vijetha\.m2\repository\com\google\errorprone\error_prone_annotations\2.1.3\error_prone_annotations-2.1.3.jar;C:\Users\vishwa.vijetha\.m2\repository\com\google\j2objc\j2objc-annotations\1.1\j2objc-annotations-1.1.jar;C:\Users\vishwa.vijetha\.m2\repository\org\codehaus\mojo\animal-sniffer-annotations\1.14\animal-sniffer-annotations-1.14.jar;C:\Users\vishwa.vijetha\.m2\repository\org\apache\httpcomponents\httpclient\4.5.5\httpclient-4.5.5.jar;C:\Users\vishwa.vijetha\.m2\repository\org\apache\httpcomponents\httpcore\4.4.9\httpcore-4.4.9.jar;C:\Users\vishwa.vijetha\.m2\repository\com\squareup\okhttp3\okhttp\3.10.0\okhttp-3.10.0.jar;C:\Users\vishwa.vijetha\.m2\repository\com\squareup\okio\okio\1.14.1\okio-1.14.1.jar;C:\Users\vishwa.vijetha\.m2\repository\org\testng\testng\6.14.3\testng-6.14.3.jar;C:\Users\vishwa.vijetha\.m2\repository\com\beust\jcommander\1.72\jcommander-1.72.jar;C:\Users\vishwa.vijetha\.m2\repository\org\apache-extras\beanshell\bsh\2.0b6\bsh-2.0b6.jar;C:\Users\vishwa.vijetha\.m2\repository\log4j\log4j\1.2.17\log4j-1.2.17.jar;C:\Users\vishwa.vijetha\.m2\repository\com\aventstack\extentreports\4.0.9\extentreports-4.0.9.jar;C:\Users\vishwa.vijetha\.m2\repository\org\freemarker\freemarker\2.3.23\freemarker-2.3.23.jar;C:\Users\vishwa.vijetha\.m2\repository\org\mongodb\mongodb-driver\3.3.0\mongodb-driver-3.3.0.jar;C:\Users\vishwa.vijetha\.m2\repository\org\mongodb\mongodb-driver-core\3.3.0\mongodb-driver-core-3.3.0.jar;C:\Users\vishwa.vijetha\.m2\repository\org\mongodb\bson\3.3.0\bson-3.3.0.jar;C:\Users\vishwa.vijetha\.m2\repository\org\apache\httpcomponents\httpmime\4.5.2\httpmime-4.5.2.jar;C:\Users\vishwa.vijetha\.m2\repository\com\google\code\gson\gson\2.8.5\gson-2.8.5.jar;"/>
    <property name="sun.cpu.endian" value="little"/>
    <property name="user.home" value="C:\Users\vishwa.vijetha"/>
    <property name="user.language" value="en"/>
    <property name="java.specification.vendor" value="Oracle Corporation"/>
    <property name="java.home" value="C:\Program Files\Java\jdk1.8.0_201\jre"/>
    <property name="basedir" value="C:\Users\vishwa.vijetha\Desktop\Eclipse Workspace\NaveenALCodingChallenge2"/>
    <property name="file.separator" value="\"/>
    <property name="line.separator" value="&#10;"/>
    <property name="java.vm.specification.vendor" value="Oracle Corporation"/>
    <property name="java.specification.name" value="Java Platform API Specification"/>
    <property name="java.awt.graphicsenv" value="sun.awt.Win32GraphicsEnvironment"/>
    <property name="surefire.real.class.path" value="C:\Users\vishwa.vijetha\AppData\Local\Temp\surefire1870387941435310896\surefirebooter4475220710031482825.jar"/>
    <property name="sun.boot.class.path" value="C:\Program Files\Java\jdk1.8.0_201\jre\lib\resources.jar;C:\Program Files\Java\jdk1.8.0_201\jre\lib\rt.jar;C:\Program Files\Java\jdk1.8.0_201\jre\lib\sunrsasign.jar;C:\Program Files\Java\jdk1.8.0_201\jre\lib\jsse.jar;C:\Program Files\Java\jdk1.8.0_201\jre\lib\jce.jar;C:\Program Files\Java\jdk1.8.0_201\jre\lib\charsets.jar;C:\Program Files\Java\jdk1.8.0_201\jre\lib\jfr.jar;C:\Program Files\Java\jdk1.8.0_201\jre\classes"/>
    <property name="user.script" value=""/>
    <property name="sun.management.compiler" value="HotSpot 64-Bit Tiered Compilers"/>
    <property name="java.runtime.version" value="1.8.0_201-b09"/>
    <property name="user.name" value="Vishwa.Vijetha"/>
    <property name="path.separator" value=";"/>
    <property name="os.version" value="10.0"/>
    <property name="java.endorsed.dirs" value="C:\Program Files\Java\jdk1.8.0_201\jre\lib\endorsed"/>
    <property name="java.runtime.name" value="Java(TM) SE Runtime Environment"/>
    <property name="file.encoding" value="Cp1252"/>
    <property name="java.vm.name" value="Java HotSpot(TM) 64-Bit Server VM"/>
    <property name="localRepository" value="C:\Users\vishwa.vijetha\.m2\repository"/>
    <property name="java.vendor.url.bug" value="http://bugreport.sun.com/bugreport/"/>
    <property name="java.io.tmpdir" value="C:\Users\VISHWA~1.VIJ\AppData\Local\Temp\"/>
    <property name="java.version" value="1.8.0_201"/>
    <property name="user.dir" value="C:\Users\vishwa.vijetha\Desktop\Eclipse Workspace\NaveenALCodingChallenge2"/>
    <property name="os.arch" value="amd64"/>
    <property name="java.vm.specification.name" value="Java Virtual Machine Specification"/>
    <property name="java.awt.printerjob" value="sun.awt.windows.WPrinterJob"/>
    <property name="sun.os.patch.level" value=""/>
    <property name="java.library.path" value="C:\Program Files\Java\jdk1.8.0_201\jre\bin;C:\Windows\Sun\Java\bin;C:\Windows\system32;C:\Windows;C:\Program Files (x86)\Common Files\Oracle\Java\javapath;C:\Windows\system32;C:\Windows;C:\Windows\System32\Wbem;C:\Windows\System32\WindowsPowerShell\v1.0\;C:\Windows\System32\OpenSSH\;C:\Program Files\Intel\WiFi\bin\;C:\Program Files\Common Files\Intel\WirelessCommon\;C:\Program Files\nodejs\;C:\Program Files\TortoiseSVN\bin;C:\Program Files (x86)\Common Files\Hitachi ID\;C:\Program Files\Common Files\Hitachi ID\;C:\Program Files\Java\jdk1.8.0_201\bin;C:\Program Files\Maven\apache-maven-3.6.0\bin;C:\Program Files\Maven\apache-maven-3.6.0\bin;C:\Program Files\Java\jdk1.8.0_201\bin;C:\Users\vishwa.vijetha\AppData\Local\Programs\Python\Python36\Scripts\;C:\Users\vishwa.vijetha\AppData\Local\Programs\Python\Python36\;C:\Users\vishwa.vijetha\AppData\Local\Programs\Python\Python37-32\Scripts\;C:\Users\vishwa.vijetha\AppData\Local\Programs\Python\Python37-32\;C:\Users\vishwa.vijetha\AppData\Local\Microsoft\WindowsApps;C:\Users\vishwa.vijetha\AppData\Roaming\npm;C:\Program Files\Microsoft VS Code\bin;C:\Users\vishwa.vijetha\AppData\Local\JetBrains\PyCharm Community Edition 2018.3.5\bin;C:\Users\vishwa.vijetha\AppData\Local\Programs\Git\cmd;."/>
    <property name="java.vm.info" value="mixed mode"/>
    <property name="java.vendor" value="Oracle Corporation"/>
    <property name="java.vm.version" value="25.201-b09"/>
    <property name="java.ext.dirs" value="C:\Program Files\Java\jdk1.8.0_201\jre\lib\ext;C:\Windows\Sun\Java\lib\ext"/>
    <property name="sun.io.unicode.encoding" value="UnicodeLittle"/>
    <property name="java.class.version" value="52.0"/>
  </properties>
  <testcase name="verifyTitle" classname="com.mmt.qa.testscripts.HomePageTest" time="0.327"/>
  <testcase name="verifyHomePageSearch" classname="com.mmt.qa.testscripts.HomePageTest" time="11.142"/>
  <testcase name="verifyTitle" classname="com.mmt.qa.testscripts.SearchPageTest" time="0.06"/>
  <testcase name="displayRoundTripFlights" classname="com.mmt.qa.testscripts.SearchPageTest" time="2.974"/>
  <testcase name="displayRoundTripFlights" classname="com.mmt.qa.testscripts.SearchPageTest" time="1.271"/>
  <testcase name="displayRoundTripFlights" classname="com.mmt.qa.testscripts.SearchPageTest" time="0.903"/>
  <testcase name="selectRandomRoundTripFlightsAndVerifyPrice" classname="com.mmt.qa.testscripts.SearchPageTest" time="1.139"/>
  <testcase name="selectRandomRoundTripFlightsAndVerifyPrice" classname="com.mmt.qa.testscripts.SearchPageTest" time="0.612"/>
  <testcase name="selectRandomRoundTripFlightsAndVerifyPrice" classname="com.mmt.qa.testscripts.SearchPageTest" time="1.218"/>
  <testcase name="selectRandomRoundTripFlightsAndVerifyPrice" classname="com.mmt.qa.testscripts.SearchPageTest" time="0.685"/>
</testsuite>