<?xml version="1.0" encoding="UTF-8"?>
<!-- Generated by org.testng.reporters.JUnitReportReporter -->
<testsuite skipped="0" hostname="IN2361417W1" name="com.mmt.qa.testscripts.HomePageTest" tests="2" failures="0" timestamp="28 Apr 2019 11:03:56 GMT" time="7.689" errors="0">
  <testcase name="verifyTitle" time="0.027" classname="com.mmt.qa.testscripts.HomePageTest"/>
  <testcase name="verifyHomePageSearch" time="7.662" classname="com.mmt.qa.testscripts.HomePageTest"/>
</testsuite> <!-- com.mmt.qa.testscripts.HomePageTest -->
