<?xml version="1.0" encoding="UTF-8"?>
<!-- Generated by org.testng.reporters.JUnitReportReporter -->
<testsuite skipped="0" hostname="IN2361417W1" name="com.mmt.qa.testscripts.SearchPageTest" tests="8" failures="0" timestamp="14 May 2019 14:04:30 GMT" time="16.743" errors="0">
  <testcase name="verifyTitle" time="0.066" classname="com.mmt.qa.testscripts.SearchPageTest"/>
  <testcase name="displayRoundTripFlights" time="6.491" classname="com.mmt.qa.testscripts.SearchPageTest"/>
  <testcase name="displayRoundTripFlights" time="1.444" classname="com.mmt.qa.testscripts.SearchPageTest"/>
  <testcase name="displayRoundTripFlights" time="2.675" classname="com.mmt.qa.testscripts.SearchPageTest"/>
  <testcase name="selectRandomRoundTripFlightsByIndexAndVerifyPrice" time="1.376" classname="com.mmt.qa.testscripts.SearchPageTest"/>
  <testcase name="selectRandomRoundTripFlightsByIndexAndVerifyPrice" time="1.081" classname="com.mmt.qa.testscripts.SearchPageTest"/>
  <testcase name="selectRandomRoundTripFlightsByIndexAndVerifyPrice" time="2.230" classname="com.mmt.qa.testscripts.SearchPageTest"/>
  <testcase name="selectRandomRoundTripFlightsByIndexAndVerifyPrice" time="1.380" classname="com.mmt.qa.testscripts.SearchPageTest"/>
</testsuite> <!-- com.mmt.qa.testscripts.SearchPageTest -->
