<?xml version="1.0" encoding="UTF-8"?>
<!-- Generated by org.testng.reporters.JUnitReportReporter -->
<testsuite skipped="0" hostname="IN2361417W1" name="com.mmt.qa.testscripts.SearchPageTest" tests="8" failures="0" timestamp="28 Apr 2019 11:33:09 GMT" time="10.520" errors="0">
  <testcase name="verifyTitle" time="0.030" classname="com.mmt.qa.testscripts.SearchPageTest"/>
  <testcase name="displayRoundTripFlights" time="5.177" classname="com.mmt.qa.testscripts.SearchPageTest"/>
  <testcase name="displayRoundTripFlights" time="0.551" classname="com.mmt.qa.testscripts.SearchPageTest"/>
  <testcase name="displayRoundTripFlights" time="1.046" classname="com.mmt.qa.testscripts.SearchPageTest"/>
  <testcase name="selectRandomRoundTripFlightsAndVerifyPrice" time="1.232" classname="com.mmt.qa.testscripts.SearchPageTest"/>
  <testcase name="selectRandomRoundTripFlightsAndVerifyPrice" time="1.009" classname="com.mmt.qa.testscripts.SearchPageTest"/>
  <testcase name="selectRandomRoundTripFlightsAndVerifyPrice" time="0.638" classname="com.mmt.qa.testscripts.SearchPageTest"/>
  <testcase name="selectRandomRoundTripFlightsAndVerifyPrice" time="0.837" classname="com.mmt.qa.testscripts.SearchPageTest"/>
</testsuite> <!-- com.mmt.qa.testscripts.SearchPageTest -->
