<?xml version="1.0" encoding="UTF-8"?>
<!-- Generated by org.testng.reporters.JUnitReportReporter -->
<testsuite skipped="0" hostname="IN2361417W1" name="testscripts.HomePageTest" tests="1" failures="0" timestamp="24 Apr 2019 12:15:41 GMT" time="6.108" errors="0">
  <testcase name="verifyHomePageSearch" time="6.108" classname="testscripts.HomePageTest"/>
</testsuite> <!-- testscripts.HomePageTest -->
