<?xml version="1.0" encoding="UTF-8"?>
<!-- Generated by org.testng.reporters.JUnitReportReporter -->
<testsuite skipped="0" hostname="IN2361417W1" name="com.mmt.qa.testscripts.SearchPageTest" tests="8" failures="0" timestamp="28 Apr 2019 14:50:16 GMT" time="23.879" errors="0">
  <testcase name="verifyTitle" time="0.009" classname="com.mmt.qa.testscripts.SearchPageTest"/>
  <testcase name="displayRoundTripFlights" time="17.546" classname="com.mmt.qa.testscripts.SearchPageTest"/>
  <testcase name="displayRoundTripFlights" time="0.655" classname="com.mmt.qa.testscripts.SearchPageTest"/>
  <testcase name="displayRoundTripFlights" time="1.262" classname="com.mmt.qa.testscripts.SearchPageTest"/>
  <testcase name="selectRandomRoundTripFlightsAndVerifyPrice" time="1.900" classname="com.mmt.qa.testscripts.SearchPageTest"/>
  <testcase name="selectRandomRoundTripFlightsAndVerifyPrice" time="0.943" classname="com.mmt.qa.testscripts.SearchPageTest"/>
  <testcase name="selectRandomRoundTripFlightsAndVerifyPrice" time="0.749" classname="com.mmt.qa.testscripts.SearchPageTest"/>
  <testcase name="selectRandomRoundTripFlightsAndVerifyPrice" time="0.815" classname="com.mmt.qa.testscripts.SearchPageTest"/>
</testsuite> <!-- com.mmt.qa.testscripts.SearchPageTest -->
