<?xml version="1.0" encoding="UTF-8"?>
<!-- Generated by org.testng.reporters.JUnitReportReporter -->
<testsuite skipped="0" hostname="IN2361417W1" name="testscripts.yu" tests="1" failures="0" timestamp="24 Apr 2019 15:52:52 GMT" time="0.015" errors="0">
  <testcase name="t1" time="0.015" classname="testscripts.yu"/>
</testsuite> <!-- testscripts.yu -->
