<?xml version="1.0" encoding="UTF-8"?>
<!-- Generated by org.testng.reporters.JUnitReportReporter -->
<testsuite skipped="0" hostname="IN2361417W1" name="testscripts.MakeMyTripTest" tests="3" failures="0" timestamp="24 Apr 2019 00:39:49 GMT" time="23.386" errors="0">
  <testcase name="testcase1" time="7.862" classname="testscripts.MakeMyTripTest"/>
  <testcase name="displayTotalDepartureReturnFlights" time="14.000" classname="testscripts.MakeMyTripTest"/>
  <testcase name="testcase3" time="1.524" classname="testscripts.MakeMyTripTest"/>
</testsuite> <!-- testscripts.MakeMyTripTest -->
