<?xml version="1.0" encoding="UTF-8"?>
<!-- Generated by org.testng.reporters.JUnitReportReporter -->
<testsuite skipped="0" hostname="IN2361417W1" name="com.mmt.qa.testscripts.SearchPageTest" tests="8" failures="0" timestamp="28 Apr 2019 12:27:23 GMT" time="8.853" errors="0">
  <testcase name="verifyTitle" time="0.014" classname="com.mmt.qa.testscripts.SearchPageTest"/>
  <testcase name="displayRoundTripFlights" time="1.315" classname="com.mmt.qa.testscripts.SearchPageTest"/>
  <testcase name="displayRoundTripFlights" time="2.984" classname="com.mmt.qa.testscripts.SearchPageTest"/>
  <testcase name="displayRoundTripFlights" time="0.910" classname="com.mmt.qa.testscripts.SearchPageTest"/>
  <testcase name="selectRandomRoundTripFlightsAndVerifyPrice" time="1.255" classname="com.mmt.qa.testscripts.SearchPageTest"/>
  <testcase name="selectRandomRoundTripFlightsAndVerifyPrice" time="1.079" classname="com.mmt.qa.testscripts.SearchPageTest"/>
  <testcase name="selectRandomRoundTripFlightsAndVerifyPrice" time="0.610" classname="com.mmt.qa.testscripts.SearchPageTest"/>
  <testcase name="selectRandomRoundTripFlightsAndVerifyPrice" time="0.686" classname="com.mmt.qa.testscripts.SearchPageTest"/>
</testsuite> <!-- com.mmt.qa.testscripts.SearchPageTest -->
