<?xml version="1.0" encoding="UTF-8"?>
<!-- Generated by org.testng.reporters.JUnitReportReporter -->
<testsuite skipped="0" hostname="IN2361417W1" name="com.mmt.qa.testscripts.SearchPageTest" tests="8" failures="0" timestamp="28 Apr 2019 12:09:38 GMT" time="12.954" errors="0">
  <testcase name="verifyTitle" time="0.020" classname="com.mmt.qa.testscripts.SearchPageTest"/>
  <testcase name="displayRoundTripFlights" time="1.118" classname="com.mmt.qa.testscripts.SearchPageTest"/>
  <testcase name="displayRoundTripFlights" time="6.993" classname="com.mmt.qa.testscripts.SearchPageTest"/>
  <testcase name="displayRoundTripFlights" time="0.999" classname="com.mmt.qa.testscripts.SearchPageTest"/>
  <testcase name="selectRandomRoundTripFlightsAndVerifyPrice" time="1.110" classname="com.mmt.qa.testscripts.SearchPageTest"/>
  <testcase name="selectRandomRoundTripFlightsAndVerifyPrice" time="0.846" classname="com.mmt.qa.testscripts.SearchPageTest"/>
  <testcase name="selectRandomRoundTripFlightsAndVerifyPrice" time="1.239" classname="com.mmt.qa.testscripts.SearchPageTest"/>
  <testcase name="selectRandomRoundTripFlightsAndVerifyPrice" time="0.629" classname="com.mmt.qa.testscripts.SearchPageTest"/>
</testsuite> <!-- com.mmt.qa.testscripts.SearchPageTest -->
